AlignedData/FlyCircuit2012/THMARCM-245M_seg1.nrrd
AlignedData/FlyCircuit2012/THMARCM-693M_seg1.nrrd
AlignedData/FlyCircuit2012/FruMARCM-M000147_seg002.nrrd
AlignedData/FlyCircuit2012/THMARCM-016M_seg1.nrrd
AlignedData/FlyCircuit2012/GH146MARCM-M000001_seg001.nrrd
AlignedData/FlyCircuit2012/GH146MARCM-M000002_seg001.nrrd
AlignedData/FlyCircuit2012/GH146MARCM-M000004_seg001.nrrd
AlignedData/FlyCircuit2012/GH146MARCM-M000005_seg001.nrrd
AlignedData/FlyCircuit2012/THMARCM-595M_seg1.nrrd
AlignedData/FlyCircuit2012/THMARCM-183M_seg2.nrrd
AlignedData/FlyCircuit2012/THMARCM-212M_seg1.nrrd
AlignedData/FlyCircuit2012/THMARCM-258M_seg1.nrrd
AlignedData/FlyCircuit2012/THMARCM-275M_seg1.nrrd
AlignedData/FlyCircuit2012/THMARCM-327M_seg1.nrrd
AlignedData/FlyCircuit2012/THMARCM-359M_seg1.nrrd
AlignedData/FlyCircuit2012/THMARCM-490M_seg1.nrrd
AlignedData/FlyCircuit2012/THMARCM-492M_seg1.nrrd
AlignedData/FlyCircuit2012/THMARCM-606M_seg.nrrd
AlignedData/FlyCircuit2012/TPHMARCM-361M_seg2.nrrd
AlignedData/FlyCircuit2012/TPHMARCM-368M_seg2.nrrd
AlignedData/FlyCircuit2012/ChaMARCM-F001527_seg001.nrrd
AlignedData/FlyCircuit2012/ChaMARCM-F001527_seg002.nrrd
AlignedData/FlyCircuit2012/ChaMARCM-F001384_seg001.nrrd
AlignedData/FlyCircuit2012/DvGlutMARCM-F1649_seg1.nrrd
AlignedData/FlyCircuit2012/DvGlutMARCM-F1657_seg1.nrrd
AlignedData/FlyCircuit2012/DvGlutMARCM-F002755_seg001.nrrd
AlignedData/FlyCircuit2012/ChaMARCM-F000139_seg002.nrrd
AlignedData/FlyCircuit2012/ChaMARCM-F000141_seg002.nrrd
AlignedData/FlyCircuit2012/DvGlutMARCM-F003246_seg001.nrrd
AlignedData/FlyCircuit2012/DvGlutMARCM-F1705-repeat0904-02_seg2.nrrd
AlignedData/FlyCircuit2012/DvGlutMARCM-F1723_seg1.nrrd
AlignedData/FlyCircuit2012/THMARCM-423F_seg1.nrrd
AlignedData/FlyCircuit2012/DvGlutMARCM-F1641_seg1.nrrd
AlignedData/FlyCircuit2012/DvGlutMARCM-F1641_seg2.nrrd
AlignedData/FlyCircuit2012/DvGlutMARCM-F1615_seg1.nrrd
AlignedData/FlyCircuit2012/DvGlutMARCM-F1618_seg1.nrrd
AlignedData/FlyCircuit2012/DvGlutMARCM-F1618_seg2.nrrd
AlignedData/FlyCircuit2012/DvGlutMARCM-F1690_seg1.nrrd
AlignedData/FlyCircuit2012/DvGlutMARCM-F1694_seg1.nrrd
AlignedData/FlyCircuit2012/DvGlutMARCM-F1706_seg1.nrrd
AlignedData/FlyCircuit2012/DvGlutMARCM-F1709_seg1.nrrd
AlignedData/FlyCircuit2012/GadMARCM-F000222_seg001.nrrd
AlignedData/FlyCircuit2012/DvGlutMARCM-F002722_seg001.nrrd
AlignedData/FlyCircuit2012/DvGlutMARCM-F1673_seg1.nrrd
AlignedData/FlyCircuit2012/DvGlutMARCM-F1673_seg2.nrrd
AlignedData/FlyCircuit2012/DvGlutMARCM-F1594_seg1.nrrd
AlignedData/FlyCircuit2012/DvGlutMARCM-F1596_seg1.nrrd
AlignedData/FlyCircuit2012/DvGlutMARCM-F1608_seg1.nrrd
AlignedData/FlyCircuit2012/DvGlutMARCM-F1611_seg1.nrrd
AlignedData/FlyCircuit2012/DvGlutMARCM-F1628_seg1.nrrd
AlignedData/FlyCircuit2012/DvGlutMARCM-F1631_seg1.nrrd
AlignedData/FlyCircuit2012/DvGlutMARCM-F1648_seg1.nrrd
AlignedData/FlyCircuit2012/DvGlutMARCM-F1737_seg1.nrrd
AlignedData/FlyCircuit2012/DvGlutMARCM-F1737_seg2.nrrd
AlignedData/FlyCircuit2012/DvGlutMARCM-F1744_seg1.nrrd
AlignedData/FlyCircuit2012/DvGlutMARCM-F1759_seg1.nrrd
AlignedData/FlyCircuit2012/DvGlutMARCM-F1759_seg4.nrrd
AlignedData/FlyCircuit2012/DvGlutMARCM-F1586_seg1.nrrd
AlignedData/FlyCircuit2012/TPHMARCM-1236F_seg1.nrrd
AlignedData/FlyCircuit2012/THMARCM-101F_seg1.nrrd
AlignedData/FlyCircuit2012/THMARCM-101F_seg2.nrrd
AlignedData/FlyCircuit2012/THMARCM-103F_seg1.nrrd
AlignedData/FlyCircuit2012/THMARCM-103F_seg2.nrrd
AlignedData/FlyCircuit2012/THMARCM-103F_seg3.nrrd
AlignedData/FlyCircuit2012/THMARCM-103F_seg4.nrrd
AlignedData/FlyCircuit2012/THMARCM-103F_seg5.nrrd
AlignedData/FlyCircuit2012/THMARCM-104F_seg1.nrrd
AlignedData/FlyCircuit2012/THMARCM-104F_seg2.nrrd
AlignedData/FlyCircuit2012/THMARCM-104F_seg3.nrrd
AlignedData/FlyCircuit2012/THMARCM-104F_seg4.nrrd
AlignedData/FlyCircuit2012/THMARCM-104F_seg5.nrrd
AlignedData/FlyCircuit2012/THMARCM-104F_seg6.nrrd
AlignedData/FlyCircuit2012/THMARCM-105F_seg1.nrrd
AlignedData/FlyCircuit2012/THMARCM-112_seg1.nrrd
AlignedData/FlyCircuit2012/THMARCM-136F_seg1.nrrd
AlignedData/FlyCircuit2012/THMARCM-149F_seg1.nrrd
AlignedData/FlyCircuit2012/THMARCM-149F_seg2.nrrd
AlignedData/FlyCircuit2012/THMARCM-151F_seg1.nrrd
AlignedData/FlyCircuit2012/THMARCM-441F_seg1.nrrd
AlignedData/FlyCircuit2012/THMARCM-441F_seg2.nrrd
AlignedData/FlyCircuit2012/THMARCM-501F_seg1.nrrd
AlignedData/FlyCircuit2012/TPHMARCM-079F_seg1.nrrd
AlignedData/FlyCircuit2012/DvGlutMARCM-F1590_seg1.nrrd
AlignedData/FlyCircuit2012/DvGlutMARCM-F1595_seg1.nrrd
AlignedData/FlyCircuit2012/DvGlutMARCM-F1604_seg1.nrrd
AlignedData/FlyCircuit2012/DvGlutMARCM-F1605_seg1.nrrd
AlignedData/FlyCircuit2012/DvGlutMARCM-F1625_seg1.nrrd
AlignedData/FlyCircuit2012/DvGlutMARCM-F1626_seg1.nrrd
AlignedData/FlyCircuit2012/DvGlutMARCM-F1671_seg1.nrrd
AlignedData/FlyCircuit2012/DvGlutMARCM-F1707_seg1.nrrd
AlignedData/FlyCircuit2012/DvGlutMARCM-F1725_seg1.nrrd
AlignedData/FlyCircuit2012/DvGlutMARCM-F040-X2_seg2.nrrd
AlignedData/FlyCircuit2012/DvGlutMARCM-F132_seg1.nrrd
AlignedData/FlyCircuit2012/DvGlutMARCM-F179_seg1.nrrd
